mode: set
github.com/anoland/pulumi-provider-example/provider/cmd/pulumi-resource-pulumi-provider-example/main.go:27.13,29.16 2 0
github.com/anoland/pulumi-provider-example/provider/cmd/pulumi-resource-pulumi-provider-example/main.go:29.16,32.3 2 0
github.com/anoland/pulumi-provider-example/provider/provider.go:33.28,45.16 2 1
github.com/anoland/pulumi-provider-example/provider/provider.go:45.16,46.57 1 0
github.com/anoland/pulumi-provider-example/provider/provider.go:48.2,48.10 1 1
github.com/anoland/pulumi-provider-example/provider/random_component.go:47.29,54.16 3 0
github.com/anoland/pulumi-provider-example/provider/random_component.go:54.16,56.3 1 0
github.com/anoland/pulumi-provider-example/provider/random_component.go:59.2,65.26 3 0
github.com/anoland/pulumi-provider-example/provider/random_component.go:65.26,67.3 1 0
github.com/anoland/pulumi-provider-example/provider/random_component.go:70.2,71.16 2 0
github.com/anoland/pulumi-provider-example/provider/random_component.go:71.16,73.3 1 0
github.com/anoland/pulumi-provider-example/provider/random_component.go:76.2,77.18 2 0
github.com/anoland/pulumi-provider-example/provider/random_resource.go:64.46,69.13 5 1
github.com/anoland/pulumi-provider-example/provider/random_resource.go:69.13,71.3 1 1
github.com/anoland/pulumi-provider-example/provider/random_resource.go:72.2,73.72 2 1
github.com/anoland/pulumi-provider-example/provider/random_resource.go:76.36,80.24 3 1
github.com/anoland/pulumi-provider-example/provider/random_resource.go:80.24,82.3 1 1
github.com/anoland/pulumi-provider-example/provider/random_resource.go:83.2,83.23 1 1
